1668422490930	geckodriver	INFO	Listening on 127.0.0.1:62219
1668422493999	mozrunner::runner	INFO	Running command: "C:\\Program Files\\Mozilla Firefox\\firefox.exe" "--marionette" "--remote-debugging-port" "62220" "--remote-allow-hosts" "localhost" "-no-remote" "-profile" "C:\\Users\\SUSHAM~1\\AppData\\Local\\Temp\\rust_mozprofilemi6t0U"
1668422494466	Marionette	INFO	Marionette enabled
1668422494473	Marionette	INFO	Listening on port 62259
WebDriver BiDi listening on ws://localhost:62220
Read port: 62259
1668422494665	RemoteAgent	WARN	TLS certificate errors will be ignored for this session
console.warn: SearchSettings: "get: No settings file exists, new profile?" (new NotFoundError("Could not open the file at C:\\Users\\SUSHAM~1\\AppData\\Local\\Temp\\rust_mozprofilemi6t0U\\search.json.mozlz4", (void 0)))
DevTools listening on ws://localhost:62220/devtools/browser/7812fd12-3954-4591-a2d1-a869158c8c96
console.warn: LoginRecipes: "getRecipes: falling back to a synchronous message for:" "https://github.com"
console.warn: LoginRecipes: "getRecipes: falling back to a synchronous message for:" "https://github.com"
console.warn: LoginRecipes: "getRecipes: falling back to a synchronous message for:" "https://github.com"
1668422513143	Marionette	INFO	Stopped listening on port 62259
console.warn: TopSitesFeed: Failed to fetch data from Contile server: NetworkError when attempting to fetch resource.
JavaScript error: chrome://remote/content/marionette/cert.js, line 55: NS_ERROR_NOT_AVAILABLE: Component returned failure code: 0x80040111 (NS_ERROR_NOT_AVAILABLE) [nsICertOverrideService.setDisableAllSecurityChecksAndLetAttackersInterceptMyData]
!!! error running onStopped callback: TypeError: callback is not a function
1668422513226	RemoteAgent	ERROR	unable to stop listener: [Exception... "Component returned failure code: 0x80040111 (NS_ERROR_NOT_AVAILABLE) [nsICertOverrideService.setDisableAllSecurityChecksAndLetAttackersInterceptMyData]"  nsresult: "0x80040111 (NS_ERROR_NOT_AVAILABLE)"  location: "JS frame :: chrome://remote/content/marionette/cert.js :: allowAllCerts.disable :: line 55"  data: no] Stack trace: allowAllCerts.disable()@cert.js:55
destroy()@Session.jsm:202
deleteSession()@WebDriverBiDi.jsm:143
stop()@WebDriverBiDi.jsm:218
observe()@resource://gre/modules/AsyncShutdown.jsm:575
